supernova:SN2007jc AGN Ia/c Ia Ia/Ic I
	2	1	5
REMOVED!
supernova:Gaia16afy BL BL Lac
	2	0	2
REMOVED!
supernova:Gaia18awn BL BL Lac
	2	0	2
REMOVED!
supernova:Gaia18bvv BL BL Lac
	2	0	2
REMOVED!
supernova:Gaia18cfg BL BL Lac
	2	0	2
REMOVED!
supernova:Gaia18cwj BL BL Lac
	2	0	2
REMOVED!
supernova:Gaia18bwp BL
	1	0	1
REMOVED!
supernova:SN2014ad BL-Ic Ic Ic BL Ic Pec I
	0	3	5
supernova:Gaia16asl blue
	1	0	1
REMOVED!
supernova:LSQ12eij blue
	1	0	1
REMOVED!
supernova:LSQ12ezn blue
	1	0	1
REMOVED!
supernova:IIb_Jerkstrand Computed-IIb
	0	0	1
REMOVED!
supernova:Gaia18cji CV symbiotic star
	0	0	2
REMOVED!
supernova:SN2005md CV Galactic II
	0	0	3
REMOVED!
supernova:SN2016jag CV Ib
	0	1	2
supernova:SN2016dsg I Pec Ic BL
	0	1	2
supernova:SN2007ju Ia Ic?
	1	0	2
REMOVED!
supernova:OGLE15eo Ia Ic
	1	1	2
supernova:SN2007me Ia Ia/c Ia/Ic?
	1	1	3
supernova:SN2005eo Ia Ic
	1	1	2
supernova:SN2005gt Ia Ic
	1	1	2
supernova:SN1996bx Ia Ic
	1	1	2
supernova:SN2006sg Ia Ic
	1	1	2
supernova:SN2018cem Ia Ic
	1	1	2
supernova:SN2010R Ia Ic
	1	1	2
supernova:PS15cyo Ia Ic
	1	1	2
supernova:SN1966J Ia Ib I
	1	1	3
supernova:SN2006jx Ia Ib
	1	1	2
supernova:ESSENCEp434 Ia Ib
	1	1	2
supernova:SN2005mm Ia Ib
	1	1	2
supernova:SN2001eg Ia Ib
	1	1	2
supernova:SN2007jy Ia Ib Ib?
	1	1	3
supernova:SN1991K Ia Ib
	1	1	2
supernova:SN2007pl Ia Ib
	1	1	2
supernova:SN2008fh Ia Ib Ia?
	1	1	3
supernova:SN1986M Ia Ib
	1	1	2
supernova:SN2016iks Ia-02ic-like Ia CSM Ia
	1	0	3
REMOVED!
supernova:SN1990aj Ia/c Ib Ib/Ic Ib/c
	0	2	4
supernova:SN1999ec Ia/c Ib
	0	2	2
supernova:Gaia18abb Ia/Ic Ia
	1	0	2
REMOVED!
supernova:SDSS1059-52618-553 Ia/Ic
	0	0	1
REMOVED!
supernova:SDSS1574-53476-461 Ia/Ic
	0	0	1
REMOVED!
supernova:SDSS1946-53432-030 Ia/Ic
	0	0	1
REMOVED!
supernova:iPTF13bvn Ib
	0	1	1
supernova:SN2008D Ib
	0	1	1
supernova:SN2007C Ib
	0	1	1
supernova:SN2006fo Ib Ic
	0	2	2
supernova:SN2009jf Ib
	0	1	1
supernova:SN2004gq Ib
	0	1	1
supernova:SN2006ld Ib
	0	1	1
supernova:SN1954A Ib
	0	1	1
supernova:SN2006gi Ib Ic
	0	2	2
supernova:SN1976B Ib I
	0	1	2
supernova:SN2004ew Ib
	0	1	1
supernova:SN2004ao Ib
	0	1	1
supernova:SN1990I Ib
	0	1	1
supernova:SN1983N Ib Ia
	1	1	2
supernova:SN2004dk Ib
	0	1	1
supernova:SN2006lv Ib Ib/c
	0	1	2
supernova:SN2007ag Ib
	0	1	1
supernova:SN1972R Ib
	0	1	1
supernova:SN2012au Ib
	0	1	1
supernova:SN2006F Ib
	0	1	1
supernova:SN2005hm Ib
	0	1	1
supernova:SN2011am Ib
	0	1	1
supernova:SN2014C Ib
	0	1	1
supernova:SN2007gl Ib Ib/c
	0	1	2
supernova:SN2005hl Ib
	0	1	1
supernova:SN2006dn Ib
	0	1	1
supernova:ASASSN-14ms Ib Ibn
	0	1	2
supernova:SN1984I Ib I
	0	1	2
supernova:SN2001B Ib
	0	1	1
supernova:SN2006jo Ib
	0	1	1
supernova:SN1985F Ib
	0	1	1
supernova:SN2001ej Ib Ic
	0	2	2
supernova:OGLE-2014-SN-014 Ib
	0	1	1
supernova:ASASSN-15mj Ib
	0	1	1
supernova:SN2010cn Ib IIb
	0	2	2
supernova:SN2007ke Ib Ib/c Ic
	0	2	3
supernova:SN1984L Ib I
	0	1	2
supernova:SN2007nc Ib Ib?
	0	1	2
supernova:SN2015Y Ib IIb
	0	2	2
supernova:SN2018alc Ib
	0	1	1
supernova:SN1997X Ib Ib/c Ic
	0	2	3
supernova:SN1991D Ib
	0	1	1
supernova:SN2006cb Ib
	0	1	1
supernova:SN2007qw Ib Ic
	0	2	2
supernova:SN1998T Ib
	0	1	1
supernova:Gaia15acs Ib
	0	1	1
supernova:SN2018cim Ib
	0	1	1
supernova:SN1996N Ib Ib/c
	0	1	2
supernova:SN2017hyf Ib
	0	1	1
supernova:SN2005mn Ib Ia
	1	1	2
supernova:SN2017ewx Ib
	0	1	1
supernova:SN2015ah Ib Ib Pec IIb
	0	2	3
supernova:SN2016bkj Ib
	0	1	1
supernova:SN2002jz Ib Ic IIb Ib/c
	0	3	4
supernova:SN2017ihf Ib
	0	1	1
supernova:SN2001ai Ib Ic
	0	2	2
supernova:SN2001is Ib
	0	1	1
supernova:SN2013ek Ib Ic Ib/c
	0	2	3
supernova:SN2016bau Ib
	0	1	1
supernova:SN2018cew Ib
	0	1	1
supernova:SN1995F Ib Ic Ib/c
	0	2	3
supernova:SN2018dgs Ib
	0	1	1
supernova:SN2000de Ib
	0	1	1
supernova:SN2003bp Ib
	0	1	1
supernova:SN2016bke Ib
	0	1	1
supernova:SN2016dzl Ib
	0	1	1
supernova:SN2018aqf Ib
	0	1	1
supernova:SN2018jq Ib
	0	1	1
supernova:SN1998cc Ib
	0	1	1
supernova:MASTER OT J120451.50+265946.6 Ib
	0	1	1
supernova:SN2018bvi Ib
	0	1	1
supernova:SN2018eoe Ib
	0	1	1
supernova:SN2009iu Ib
	0	1	1
supernova:Gaia18azz Ib
	0	1	1
supernova:SN2016bll Ib
	0	1	1
supernova:SN2016jdw Ib
	0	1	1
supernova:SN2017hxt Ib
	0	1	1
supernova:SN2018bfp Ib
	0	1	1
supernova:SN2002cw Ib
	0	1	1
supernova:SN2002dg Ib
	0	1	1
supernova:SN2002hz Ib
	0	1	1
supernova:SN2003I Ib
	0	1	1
supernova:SN2014df Ib
	0	1	1
supernova:PS17fke Ib
	0	1	1
supernova:SN2016ajo Ib
	0	1	1
supernova:SN2016cdd Ib
	0	1	1
supernova:SN2017bgu Ib
	0	1	1
supernova:SN2017cxz Ib
	0	1	1
supernova:SN2017ggi Ib
	0	1	1
supernova:SN2017hcb Ib
	0	1	1
supernova:SN2017hl Ib
	0	1	1
supernova:SN2018eva Ib
	0	1	1
supernova:SN2018hb Ib
	0	1	1
supernova:SN2018ot Ib
	0	1	1
supernova:SN1990U Ib Ic Ia
	1	2	3
supernova:SN1991ar Ib
	0	1	1
supernova:SN1997dc Ib
	0	1	1
supernova:SN1998dt Ib
	0	1	1
supernova:SN1999di Ib
	0	1	1
supernova:SN1999dn Ib Ib/c
	0	1	2
supernova:SN1999eh Ib
	0	1	1
supernova:SN2000ds Ib Ib/c
	0	1	2
supernova:SN2000dt Ib
	0	1	1
supernova:SN2000dv Ib
	0	1	1
supernova:SN2000fn Ib
	0	1	1
supernova:SN2001fw Ib
	0	1	1
supernova:SN2001fx Ib
	0	1	1
supernova:SN2002ji Ib Ib/c Ic
	0	2	3
supernova:SN2002jv Ib II
	0	1	2
supernova:SN2003gk Ib
	0	1	1
supernova:SN2004bs Ib
	0	1	1
supernova:SN2004cc Ib Ic I
	0	2	3
supernova:SN2004dm Ib
	0	1	1
supernova:SN2004eh Ib
	0	1	1
supernova:SN2005ar Ib
	0	1	1
supernova:SN2005br Ib
	0	1	1
supernova:SN2005C Ib
	0	1	1
supernova:SN2005cz Ib
	0	1	1
supernova:SN2005O Ib
	0	1	1
supernova:SN2006dj Ib IIb
	0	2	2
supernova:SN2006ea Ib
	0	1	1
supernova:SN2006ec Ib
	0	1	1
supernova:SN2006li Ib
	0	1	1
supernova:SN2006lt Ib
	0	1	1
supernova:SN2006qk Ib Ic
	0	2	2
supernova:SN2007az Ib
	0	1	1
supernova:SN2007br Ib
	0	1	1
supernova:SN2007dy Ib
	0	1	1
supernova:SN2007fo Ib Ib/c
	0	1	2
supernova:SN2007go Ib
	0	1	1
supernova:SN2008bs Ib
	0	1	1
supernova:SN2008fd Ib
	0	1	1
supernova:SN2008ht Ib
	0	1	1
supernova:SN2008im Ib
	0	1	1
supernova:SN2009cf Ib
	0	1	1
supernova:SN2009ef Ib
	0	1	1
supernova:SN2009ha Ib Ib/c
	0	1	2
supernova:SN2009hm Ib
	0	1	1
supernova:SN2009hu Ib
	0	1	1
supernova:SN2009ny Ib
	0	1	1
supernova:SNF20080324-000 Ib
	0	1	1
supernova:SNF20080610-004 Ib
	0	1	1
supernova:SNF20080703-002 Ib
	0	1	1
supernova:CSS121204:033907-064917 Ib
	0	1	1
supernova:CSS140222:141104+253050 Ib
	0	1	1
supernova:CSS141028:081814+044553 Ib
	0	1	1
supernova:LSQ12axx Ib
	0	1	1
supernova:LSQ13bbv Ib
	0	1	1
supernova:LSQ13cum Ib
	0	1	1
supernova:LSQ14cnl Ib
	0	1	1
supernova:LSQ14gac Ib Ia
	1	1	2
supernova:PS1-13avb Ib
	0	1	1
supernova:PS1-14qg Ib
	0	1	1
supernova:PTF10hcw Ib
	0	1	1
supernova:PTF11ilr Ib
	0	1	1
supernova:PTF11izq Ib
	0	1	1
supernova:PTF11kaa Ib
	0	1	1
supernova:PTF12bwq Ib
	0	1	1
supernova:PTF13cab Ib
	0	1	1
supernova:SN2010if Ib
	0	1	1
supernova:SN2010ig Ib Ic
	0	2	2
supernova:SN2010kc Ib
	0	1	1
supernova:SN2010ln Ib
	0	1	1
supernova:SN2010O Ib
	0	1	1
supernova:SN2011bp Ib
	0	1	1
supernova:SN2011br Ib
	0	1	1
supernova:SN2011dc Ib I
	0	1	2
supernova:SN2011fl Ib
	0	1	1
supernova:SN2011ft Ib
	0	1	1
supernova:SN2011fz Ib c Ib/c
	0	1	3
supernova:SN2011gd Ib
	0	1	1
supernova:SN2011gh Ib c Ib/c
	0	1	3
supernova:SN2011ii Ib
	0	1	1
supernova:SN2012bk Ib
	0	1	1
supernova:SN2012dp Ib
	0	1	1
supernova:SN2012dx Ib
	0	1	1
supernova:SN2012ek Ib
	0	1	1
supernova:SN2012ex Ib
	0	1	1
supernova:SN2012F Ib Ic
	0	2	2
supernova:SN2013F Ib c Ib/c
	0	1	3
supernova:SN2013gl Ib
	0	1	1
supernova:SN2013hd Ib c Ib/c
	0	1	3
supernova:SN2014dp Ib
	0	1	1
supernova:SN2014ef Ib Ib/c
	0	1	2
supernova:SN2014ei Ib
	0	1	1
supernova:SNhunt181 Ib c Ib/c
	0	1	3
supernova:ASASSN-15ta Ib
	0	1	1
supernova:DES16X2bvf Ib
	0	1	1
supernova:PS15ays Ib
	0	1	1
supernova:PS15bhi Ib
	0	1	1
supernova:PS15cer Ib
	0	1	1
supernova:PSN J08123984-7953078 Ib
	0	1	1
supernova:PSN J14102342-4318437 Ib
	0	1	1
supernova:SN2015Q Ib
	0	1	1
supernova:SN2016aws Ib
	0	1	1
supernova:SN2016bir Ib
	0	1	1
supernova:SN2016frp Ib Ib Pec
	0	1	2
supernova:SN2016jev Ib
	0	1	1
supernova:SN2017dgy Ib
	0	1	1
supernova:SN2017iro Ib Ib/c
	0	1	2
supernova:SN2017wj Ib
	0	1	1
supernova:SN2018akj Ib
	0	1	1
supernova:SN2018bgp Ib
	0	1	1
supernova:SN2018fbi Ib
	0	1	1
supernova:SN1982R Ib I
	0	1	2
supernova:SN1988L Ib Ic
	0	2	2
supernova:SN1989E Ib Ib?
	0	1	2
supernova:ESSENCEc022 Ib
	0	1	1
supernova:ESSENCEe141 Ib
	0	1	1
supernova:ESSENCEm010 Ib
	0	1	1
supernova:PTF09awk Ib
	0	1	1
supernova:PTF09dfk Ib
	0	1	1
supernova:PS1-10jb Ib
	0	1	1
supernova:PSN J0503 Ib
	0	1	1
supernova:PS15dow Ib
	0	1	1
supernova:SN2005E Ib (Ca rich) Ib/c Ib-Ca Ib
	0	1	4
supernova:SN2008bt Ia Ib Pec
	1	0	2
REMOVED!
supernova:SN2007Y Ib Ib Pec Ib/c
	0	1	3
supernova:SN2007uy Ib Pec Ib
	0	1	2
supernova:SN2009er Ib Pec Ib
	0	1	2
supernova:SN2013el Ib Pec Ib
	0	1	2
supernova:SN2002hy Ib Pec Ib
	0	1	2
supernova:SN2017gvr Ib Pec
	0	0	1
REMOVED!
supernova:PSN J14393321+0546366 Ib Pec
	0	0	1
REMOVED!
supernova:SN2006tq Ib Pec Ic
	0	1	2
supernova:CSS130508:102149+414425 Ib Pec
	0	0	1
REMOVED!
supernova:SN2011jf Ib Pec Ib/c Ib/c Pec
	0	0	3
REMOVED!
supernova:SN2018ctw Ib Pec
	0	0	1
REMOVED!
supernova:PTF11kmb Ca-rich Ib-Ca Ib
	0	1	3
supernova:SN2010et Ib-Ca
	0	0	1
REMOVED!
supernova:PTF11bij Ib-Ca
	0	0	1
REMOVED!
supernova:SN2016hgs Ib-Ca-rich Ib
	0	1	2
supernova:LSQ14ggv Ib-IIb Ib/IIb Ib
	0	1	3
supernova:SN2005la Ib-n/IIb-n II Ibn II/Ib IIb II Pec
	0	1	6
supernova:SN2007J Ia-02cx Ib-pec/Iax Ib Pec Ib Ia
	1	1	5
supernova:SN1997C Ia Ic Ib/c
	1	1	3
supernova:SN1999bv Ia Ib/c IIb I
	1	1	4
supernova:SN2005bf Ib Ib/c
	0	1	2
supernova:SN1999ex Ib Ic Ib/c
	0	2	3
supernova:SN2005hg Ib Ib/c Ic
	0	2	3
supernova:SN2009iz Ib Ib/c
	0	1	2
supernova:SN2006ep Ib Ib/c
	0	1	2
supernova:SN2007kj Ib Ib/c
	0	1	2
supernova:SN2006lc Ib Ic Ib/c
	0	2	3
supernova:SN2004gv Ib Ib/c
	0	1	2
supernova:SN2012P Ib/c IIb
	0	1	2
supernova:SN2006ir Ib/c
	0	0	1
REMOVED!
supernova:SN2007hn Ib/c
	0	0	1
REMOVED!
supernova:Gaia15aam Ib/c
	0	0	1
REMOVED!
supernova:SN2008gc Ib/c
	0	0	1
REMOVED!
supernova:DES17C1ffz Ib/c
	0	0	1
REMOVED!
supernova:SDSS-II SN 19045 Ib/c
	0	0	1
REMOVED!
supernova:SDSS-II SN 6520 Ib/c
	0	0	1
REMOVED!
supernova:SDSS-II SN 4664 Ib/c
	0	0	1
REMOVED!
supernova:SDSS-II SN 19190 Ib/c
	0	0	1
REMOVED!
supernova:SN2012dj Ib/c
	0	0	1
REMOVED!
supernova:SDSS-II SN 19065 Ib/c Ia
	1	0	2
REMOVED!
supernova:SDSS-II SN 19209 Ib/c Ia
	1	0	2
REMOVED!
supernova:SDSS-II SN 13330 Ib/c
	0	0	1
REMOVED!
supernova:SDSS-II SN 8086 Ib/c
	0	0	1
REMOVED!
supernova:SN2017csc Ib/c
	0	0	1
REMOVED!
supernova:SN2017gax Ib/c
	0	0	1
REMOVED!
supernova:SDSS-II SN 16114 Ib/c
	0	0	1
REMOVED!
supernova:SDSS-II SN 5339 Ib/c
	0	0	1
REMOVED!
supernova:SDSS-II SN 6861 Ib/c Ia Ia
	1	0	3
REMOVED!
supernova:SDSS-II SN 14661 Ib/c
	0	0	1
REMOVED!
supernova:SDSS-II SN 8196 Ib/c
	0	0	1
REMOVED!
supernova:SN2011bl Ib/c
	0	0	1
REMOVED!
supernova:SDSS-II SN 18884 Ib/c Ia
	1	0	2
REMOVED!
supernova:Gaia14aam Ib/c
	0	0	1
REMOVED!
supernova:SDSS-II SN 16976 Ib/c Ia
	1	0	2
REMOVED!
supernova:SDSS-II SN 17897 Ib/c
	0	0	1
REMOVED!
supernova:SDSS-II SN 20301 Ib/c
	0	0	1
REMOVED!
supernova:SDSS-II SN 6367 Ib/c
	0	0	1
REMOVED!
supernova:SDSS-II SN 7923 Ib/c
	0	0	1
REMOVED!
supernova:SDSS-II SN 13269 Ib/c
	0	0	1
REMOVED!
supernova:SDSS-II SN 19987 Ib/c Ia Ia
	1	0	3
REMOVED!
supernova:SDSS-II SN 20874 Ib/c
	0	0	1
REMOVED!
supernova:SDSS-II SN 9194 Ib/c Ia
	1	0	2
REMOVED!
supernova:SDSS-II SN 14169 Ib/c Ia
	1	0	2
REMOVED!
supernova:SDSS-II SN 16768 Ib/c
	0	0	1
REMOVED!
supernova:SN1999cq Ib/c Ibn
	0	0	2
REMOVED!
supernova:SDSS-II SN 2234 Ib/c
	0	0	1
REMOVED!
supernova:SDSS-II SN 20682 Ib/c
	0	0	1
REMOVED!
supernova:SDSS-II SN 21046 Ib/c Ia
	1	0	2
REMOVED!
supernova:SDSS-II SN 11305 Ib/c Ia
	1	0	2
REMOVED!
supernova:SDSS-II SN 13458 Ib/c Ia
	1	0	2
REMOVED!
supernova:SDSS-II SN 14177 Ib/c Ia
	1	0	2
REMOVED!
supernova:SDSS-II SN 14419 Ib/c Ia
	1	0	2
REMOVED!
supernova:SDSS-II SN 16160 Ib/c Ia
	1	0	2
REMOVED!
supernova:SDSS-II SN 19772 Ib/c Ia
	1	0	2
REMOVED!
supernova:SN2016ejf Ib/c
	0	0	1
REMOVED!
supernova:SDSS-II SN 11241 Ib/c
	0	0	1
REMOVED!
supernova:SDSS-II SN 19793 Ib/c Ia
	1	0	2
REMOVED!
supernova:SDSS-II SN 4808 Ib/c Ia
	1	0	2
REMOVED!
supernova:SN2005im Ib/c Ia Ia?
	1	0	3
REMOVED!
supernova:SDSS-II SN 12035 Ib/c
	0	0	1
REMOVED!
supernova:SDSS-II SN 13777 Ib/c Ia
	1	0	2
REMOVED!
supernova:SDSS-II SN 15757 Ib/c
	0	0	1
REMOVED!
supernova:SDSS-II SN 19195 Ib/c Ia
	1	0	2
REMOVED!
supernova:SDSS-II SN 20866 Ib/c
	0	0	1
REMOVED!
supernova:SDSS-II SN 16169 Ib/c
	0	0	1
REMOVED!
supernova:SDSS-II SN 19525 Ib/c Ia
	1	0	2
REMOVED!
supernova:SDSS-II SN 19599 Ib/c Ia
	1	0	2
REMOVED!
supernova:SN2017izz Ib/c
	0	0	1
REMOVED!
supernova:SN2018cqg Ib/c
	0	0	1
REMOVED!
supernova:SDSS-II SN 18468 Ib/c Ia
	1	0	2
REMOVED!
supernova:SDSS-II SN 1958 Ib/c Ia
	1	0	2
REMOVED!
supernova:SDSS-II SN 21185 Ib/c Ia
	1	0	2
REMOVED!
supernova:SN2018dbg Ib/c
	0	0	1
REMOVED!
supernova:SDSS-II SN 14090 Ib/c Ia
	1	0	2
REMOVED!
supernova:SDSS-II SN 15994 Ib/c Ia
	1	0	2
REMOVED!
supernova:SN2001em Ib/c Ic
	0	1	2
supernova:SDSS-II SN 12081 Ib/c
	0	0	1
REMOVED!
supernova:SN2016dsl Ib/c
	0	0	1
REMOVED!
supernova:SDSS-II SN 16282 Ib/c
	0	0	1
REMOVED!
supernova:SN2018wh Ib/c Ib/Ic
	0	0	2
REMOVED!
supernova:SN2002cp Ib/c
	0	0	1
REMOVED!
supernova:SN2002dt Ib/c
	0	0	1
REMOVED!
supernova:SDSS-II SN 14591 Ib/c Ia
	1	0	2
REMOVED!
supernova:SN2018beh Ib/c Ib c
	0	1	3
supernova:SN2002dz Ib/c Ib
	0	1	2
supernova:SDSS-II SN 13482 Ib/c
	0	0	1
REMOVED!
supernova:SDSS-II SN 16125 Ib/c Ia
	1	0	2
REMOVED!
supernova:SDSS-II SN 5247 Ib/c Ia
	1	0	2
REMOVED!
supernova:AT2017csd Ib/c
	0	0	1
REMOVED!
supernova:SN2016glo Ib/c Ic
	0	1	2
supernova:SN1990ai Ib/c
	0	0	1
REMOVED!
supernova:SN1990W Ib/c Ic
	0	1	2
supernova:SN1991L Ib/c Ic
	0	1	2
supernova:SN1991R Ib/c
	0	0	1
REMOVED!
supernova:SN1996cd Ib/c Ib? Ib
	0	1	3
supernova:SN1999P Ib/c IIb
	0	1	2
supernova:SN2001co Ib/c Ib/c Pec
	0	0	2
REMOVED!
supernova:SN2001gl Ib/c
	0	0	1
REMOVED!
supernova:SN2002gy Ib/c
	0	0	1
REMOVED!
supernova:SN2003A Ib/c
	0	0	1
REMOVED!
supernova:SN2003dg Ib/c Ib/c Pec
	0	0	2
REMOVED!
supernova:SN2003ih Ib/c
	0	0	1
REMOVED!
supernova:SN2003jg Ib/c
	0	0	1
REMOVED!
supernova:SN2004ax Ib/c
	0	0	1
REMOVED!
supernova:SN2004cf Ib/c
	0	0	1
REMOVED!
supernova:SDSS-II SN 13979 Ib/c
	0	0	1
REMOVED!
supernova:SDSS-II SN 15803 Ib/c Ia
	1	0	2
REMOVED!
supernova:SDSS-II SN 15946 Ib/c Ia
	1	0	2
REMOVED!
supernova:SDSS-II SN 16452 Ib/c
	0	0	1
REMOVED!
supernova:SDSS-II SN 17107 Ib/c
	0	0	1
REMOVED!
supernova:SDSS-II SN 20536 Ib/c Ia
	1	0	2
REMOVED!
supernova:SDSS-II SN 6813 Ib/c Ia
	1	0	2
REMOVED!
supernova:SN2005ce Ib/c
	0	0	1
REMOVED!
supernova:SN2005N Ib/c Ib
	0	1	2
supernova:SN2005V Ib/c Ic
	0	1	2
supernova:SN2006ip Ib/c
	0	0	1
REMOVED!
supernova:SN2007eb Ib/c
	0	0	1
REMOVED!
supernova:SN2007eq Ib/c
	0	0	1
REMOVED!
supernova:SN2007ff Ib/c
	0	0	1
REMOVED!
supernova:SN2007fj Ib/c
	0	0	1
REMOVED!
supernova:SN2007fn Ib/c
	0	0	1
REMOVED!
supernova:SN2007gg Ib/c
	0	0	1
REMOVED!
supernova:SN2007hl Ib/c
	0	0	1
REMOVED!
supernova:SN2007rb Ib/c
	0	0	1
REMOVED!
supernova:SN2008dc Ib/c
	0	0	1
REMOVED!
supernova:SN2008fn Ib/c
	0	0	1
REMOVED!
supernova:SN2008fs Ib/c
	0	0	1
REMOVED!
supernova:SN2008gk Ib/c
	0	0	1
REMOVED!
supernova:SN2009if Ib/c
	0	0	1
REMOVED!
supernova:SNF20080629-000 Ib/c
	0	0	1
REMOVED!
supernova:SNF20080719-004 Ib/c
	0	0	1
REMOVED!
supernova:LSQ12frx Ib/c
	0	0	1
REMOVED!
supernova:LSQ12gbt Ib/c
	0	0	1
REMOVED!
supernova:LSQ13bwg Ib/c Ic
	0	1	2
supernova:LSQ13byc Ib/c
	0	0	1
REMOVED!
supernova:LSQ13dkg Ib/c
	0	0	1
REMOVED!
supernova:LSQ13th Ib/c
	0	0	1
REMOVED!
supernova:LSQ14gqk Ib/c
	0	0	1
REMOVED!
supernova:PS1-11ka Ib/c
	0	0	1
REMOVED!
supernova:PSN J01232438+0925545 Ib/c
	0	0	1
REMOVED!
supernova:PSN J12565170+2629167 Ib/c
	0	0	1
REMOVED!
supernova:PTF10xla Ib/c
	0	0	1
REMOVED!
supernova:PTF11bli Ib/c
	0	0	1
REMOVED!
supernova:PTF12cde Ib/c Ib
	0	1	2
supernova:PTF12gvr Ib/c Ib
	0	1	2
supernova:PTF14va Ib/c Ib
	0	1	2
supernova:SN2010as Ib/c IIb
	0	1	2
supernova:SN2010av Ib/c
	0	0	1
REMOVED!
supernova:SN2010br Ib/c
	0	0	1
REMOVED!
supernova:SN2010dc Ib/c
	0	0	1
REMOVED!
supernova:SN2010gr Ib/c Ic
	0	1	2
supernova:SN2010il Ib/c
	0	0	1
REMOVED!
supernova:SN2010is Ib/c
	0	0	1
REMOVED!
supernova:SN2011aw Ib/c
	0	0	1
REMOVED!
supernova:SN2011gw Ib/c
	0	0	1
REMOVED!
supernova:SN2012ib Ib/c
	0	0	1
REMOVED!
supernova:SN2012J Ib/c Ic
	0	1	2
supernova:SN2013ho Ib/c
	0	0	1
REMOVED!
supernova:SN2014br Ib/c
	0	0	1
REMOVED!
supernova:SN2014bt Ib/c
	0	0	1
REMOVED!
supernova:DES15C1mat Ib/c
	0	0	1
REMOVED!
supernova:DES15C3oeb Ib/c
	0	0	1
REMOVED!
supernova:DES15E2mhi Ib/c
	0	0	1
REMOVED!
supernova:DES16X3bdb Ib/c
	0	0	1
REMOVED!
supernova:PS15ajp Ib/c
	0	0	1
REMOVED!
supernova:PSN J02513304+3730434 Ib/c
	0	0	1
REMOVED!
supernova:SN2015bb Ib/c Ic
	0	1	2
supernova:SN2017jea Ib/c Ib c
	0	1	3
supernova:SN2007sj Ib/c
	0	0	1
REMOVED!
supernova:LSQ12bkl Ib/c
	0	0	1
REMOVED!
supernova:SDSS-II SN 10396 Ib/c
	0	0	1
REMOVED!
supernova:SDSS-II SN 11927 Ib/c
	0	0	1
REMOVED!
supernova:SDSS-II SN 14532 Ib/c
	0	0	1
REMOVED!
supernova:SDSS-II SN 14695 Ib/c Ia
	1	0	2
REMOVED!
supernova:SDSS-II SN 15343 Ib/c Ia Ia
	1	0	3
REMOVED!
supernova:SDSS-II SN 15367 Ib/c
	0	0	1
REMOVED!
supernova:SDSS-II SN 15943 Ib/c
	0	0	1
REMOVED!
supernova:SDSS-II SN 16085 Ib/c
	0	0	1
REMOVED!
supernova:SDSS-II SN 16708 Ib/c
	0	0	1
REMOVED!
supernova:SDSS-II SN 17312 Ib/c
	0	0	1
REMOVED!
supernova:SDSS-II SN 20552 Ib/c
	0	0	1
REMOVED!
supernova:SDSS-II SN 20886 Ib/c
	0	0	1
REMOVED!
supernova:SDSS-II SN 20999 Ib/c
	0	0	1
REMOVED!
supernova:SDSS-II SN 21697 Ib/c
	0	0	1
REMOVED!
supernova:SDSS-II SN 22282 Ib/c
	0	0	1
REMOVED!
supernova:SDSS-II SN 2699 Ib/c
	0	0	1
REMOVED!
supernova:SDSS-II SN 2986 Ib/c
	0	0	1
REMOVED!
supernova:SDSS-II SN 6213 Ib/c Ia
	1	0	2
REMOVED!
supernova:SDSS-II SN 6614 Ib/c Ia Ia
	1	0	3
REMOVED!
supernova:SDSS-II SN 6660 Ib/c Ia
	1	0	2
REMOVED!
supernova:SDSS-II SN 7630 Ib/c Ia
	1	0	2
REMOVED!
supernova:SDSS-II SN 9317 Ib/c Ia
	1	0	2
REMOVED!
supernova:SN1995bb Ib/c Ic Ib Ib/Ic
	0	2	4
supernova:SNLS-03D1cj Ib/c
	0	0	1
REMOVED!
supernova:SNLS-04D2jz Ib/c
	0	0	1
REMOVED!
supernova:SNLS-06D1dv Ib/c
	0	0	1
REMOVED!
supernova:iPTF13cab Ib/c
	0	0	1
REMOVED!
supernova:iPTF13cbf Ib/c
	0	0	1
REMOVED!
supernova:iPTF14va Ib/c
	0	0	1
REMOVED!
supernova:SN2012eb Ib/c I LGRB
	0	0	3
REMOVED!
supernova:SN2013fu Ib/c LGRB
	0	0	2
REMOVED!
supernova:iPTF15fhl Ib/c
	0	0	1
REMOVED!
supernova:SN2015ap Ib/c-BL Ib/c Ib
	0	1	3
supernova:PS1-10bkj Ia Ia? Ib/c?
	1	0	3
REMOVED!
supernova:PS1-10bll Ia? Ib/c?
	0	0	2
REMOVED!
supernova:PS1-10bmj Ia? Ib/c?
	0	0	2
REMOVED!
supernova:PS1-11ax Ia? Ib/c?
	0	0	2
REMOVED!
supernova:PS1-11cq Ia? Ib/c?
	0	0	2
REMOVED!
supernova:PS1-11jl Ia? Ib/c?
	0	0	2
REMOVED!
supernova:OGLE15jy Ib/c? Ib/c
	0	0	2
REMOVED!
supernova:SN1992bu Ib/c?
	0	0	1
REMOVED!
supernova:SN2008hl Ib/c?
	0	0	1
REMOVED!
supernova:DES16X2bda Ib/c?
	0	0	1
REMOVED!
supernova:DES16X2dqz Ib/c?
	0	0	1
REMOVED!
supernova:DES17X3ct Ib/c?
	0	0	1
REMOVED!
supernova:SN1988ac Ib/c?
	0	0	1
REMOVED!
supernova:ESSENCEm006 Ib/c? Ib/c Ia
	1	0	3
REMOVED!
supernova:PS1-10ags Ib/c? II?
	0	0	2
REMOVED!
supernova:PS1-10mc Ib/c? Ia?
	0	0	2
REMOVED!
supernova:PS1-10tk Ib/c? Ia?
	0	0	2
REMOVED!
supernova:SN2006eg Ib/Ic Ib/c
	0	0	2
REMOVED!
supernova:SN2003H Ib/Ic (Ca rich) Ib Pec Ib/c Ib/c Pec
	0	0	4
REMOVED!
supernova:SN2010P Ib/IIb Ib IIb II
	0	2	4
supernova:SN2009lw Ib/IIb Ib
	0	1	2
supernova:AT2018cvl Ib/IIb
	0	0	1
REMOVED!
supernova:PS15bvb Ib/IIb Ib
	0	1	2
supernova:SN2006jc Ibn Ib/c Pec Ib Pec Ib/c Ic
	0	1	5
supernova:OGLE-2012-SN-006 Ibn
	0	0	1
REMOVED!
supernova:SN2010al Ibn II IIn Pec IIn
	0	0	4
REMOVED!
supernova:SN2015U Ibn
	0	0	1
REMOVED!
supernova:LSQ13ccw Ibn
	0	0	1
REMOVED!
supernova:PS1-12sk Ibn Ib
	0	1	2
supernova:OGLE-2014-SN-131 Ibn
	0	0	1
REMOVED!
supernova:LSQ12btw Ibn
	0	0	1
REMOVED!
supernova:SN2000er Ibn Ib Ib Pec Pec
	0	1	4
supernova:SN2015G Ibn
	0	0	1
REMOVED!
supernova:SN2017ecp Ibn
	0	0	1
REMOVED!
supernova:SN2017iwp Ibn Ibn?
	0	0	2
REMOVED!
supernova:SN2017jfv Ibn
	0	0	1
REMOVED!
supernova:SN2018fmt Ibn
	0	0	1
REMOVED!
supernova:ASASSN-14dd Ibn
	0	0	1
REMOVED!
supernova:CSS140421:142042+031602 Ibn
	0	0	1
REMOVED!
supernova:SN2014av Ibn Ib
	0	1	2
supernova:SN2014bk Ibn Ib Pec
	0	0	2
REMOVED!
supernova:ASASSN-15ed Ibn Ib
	0	1	2
supernova:SN2016Q Ibn
	0	0	1
REMOVED!
supernova:iPTF13beo Ibn
	0	0	1
REMOVED!
supernova:PS15dpn Ibn
	0	0	1
REMOVED!
supernova:SN2015bn Ic SLSN-I
	0	1	2
supernova:SN2007gr Ic Ib/c
	0	1	2
supernova:SN2013ge Ic Ib/c
	0	1	2
supernova:SN1994I Ic Ic?
	0	1	2
supernova:SN2011bm Ic
	0	1	1
supernova:SN2014L Ic
	0	1	1
supernova:SN2004gk Ic
	0	1	1
supernova:SN2004aw Ic
	0	1	1
supernova:SN2004gt Ic Ib/c
	0	1	2
supernova:SN2017ein Ic
	0	1	1
supernova:SN2005mf Ic
	0	1	1
supernova:PTF15dtg Ic
	0	1	1
supernova:SN2005kl Ic
	0	1	1
supernova:PTF12gzk Ic Ic Pec
	0	1	2
supernova:SN1990B Ic Ib
	0	2	2
supernova:SN2004fe Ic
	0	1	1
supernova:SN2005az Ic Ib
	0	2	2
supernova:SN1962L Ic Ib
	0	2	2
supernova:SN2007rz Ic
	0	1	1
supernova:SN2005aw Ic
	0	1	1
supernova:SN2005at Ic
	0	1	1
supernova:LSQ14efd Ic II I
	0	1	3
supernova:ASASSN-15no Ic
	0	1	1
supernova:SN2004dn Ic
	0	1	1
supernova:SN2009ca Ic
	0	1	1
supernova:SN2017dio Ic
	0	1	1
supernova:SN2007cl Ic
	0	1	1
supernova:PTF12hni Ic
	0	1	1
supernova:SN2008hh Ic
	0	1	1
supernova:SN2009dt Ic
	0	1	1
supernova:PS1-12bqf Ic
	0	1	1
supernova:SN2005bj Ic
	0	1	1
supernova:SN2015K Ic
	0	1	1
supernova:SN2006ck Ic
	0	1	1
supernova:SN2007hb Ic Ib/c Ia
	1	1	3
supernova:PTF11qcj Ic Ib
	0	2	2
supernova:SN1964L Ic Ib
	0	2	2
supernova:SN2005kz Ic
	0	1	1
supernova:SN2005ek Ic
	0	1	1
supernova:SN2010mb Ic Ic BL
	0	2	2
supernova:OGLE-2014-SN-067 Ic
	0	1	1
supernova:SN2011kf Ic SLSN-I
	0	1	2
supernova:SN2006nx Ic Ib/c Ic BL Ib
	0	3	4
supernova:SN2007ms Ic II II Pec II P
	0	1	4
supernova:SN2005kf Ic
	0	1	1
supernova:SN1983I Ic Ib
	0	2	2
supernova:SN2009dp Ic
	0	1	1
supernova:SN2013hx Ic SLSN-II Ic Pec
	0	1	3
supernova:SN2005kr Ic Ib/c
	0	1	2
supernova:OGLE-2013-SN-134 Ic Ic Pec Ic BL
	0	2	3
supernova:SN2007qv Ic II
	0	1	2
supernova:OGLE-2013-SN-091 Ic
	0	1	1
supernova:OGLE15rb Ic
	0	1	1
supernova:SN2017fwm Ic
	0	1	1
supernova:SN1987M Ic Ib
	0	2	2
supernova:OGLE15vk Ic
	0	1	1
supernova:SN1992ar Ic
	0	1	1
supernova:SN2013dk Ic
	0	1	1
supernova:SN2018ebt Ic Ic BL Ib/c
	0	2	3
supernova:SN2004ge Ic
	0	1	1
supernova:SN2010bf Ic
	0	1	1
supernova:SN2016ghi Ic
	0	1	1
supernova:SN2017eye Ic
	0	1	1
supernova:SN2017iwh Ic
	0	1	1
supernova:SN2018avk Ic
	0	1	1
supernova:SN2010X Ic I-rapid
	0	1	2
supernova:SN2017jmj Ic
	0	1	1
supernova:SN2007aw Ic
	0	1	1
supernova:SN1983V Ic II Ib QSO
	0	2	4
supernova:SN2000F Ic
	0	1	1
supernova:SN2001ci Ic
	0	1	1
supernova:SN2005fk Ic Ib/c
	0	1	2
supernova:SN2008an Ic
	0	1	1
supernova:SN2017ixh Ic Ib/c
	0	1	2
supernova:SN1991N Ic Ib/c Ic/b
	0	1	3
supernova:SN2006ab Ic
	0	1	1
supernova:SN2013bk Ic
	0	1	1
supernova:SN2016iae Ic
	0	1	1
supernova:SN2017hix Ic
	0	1	1
supernova:SN1997ei Ic Ia
	1	1	2
supernova:SN2000ew Ic
	0	1	1
supernova:SN2016cce Ic
	0	1	1
supernova:SN2001ch Ic Ia
	1	1	2
supernova:SN2012fh Ic Ib/IIb Ib Ib/c
	0	2	4
supernova:SN2018aks Ic
	0	1	1
supernova:SN2002bl Ic Ic Pec
	0	1	2
supernova:SN2003L Ic Ib/c Pec
	0	1	2
supernova:SN2017hbx Ic
	0	1	1
supernova:SN2017hfw Ic
	0	1	1
supernova:SN2018cbz Ic
	0	1	1
supernova:SN2010S Ic
	0	1	1
supernova:SN2016emb Ic
	0	1	1
supernova:SN2018etk Ic
	0	1	1
supernova:SN2018gsk Ic
	0	1	1
supernova:SN2018oz Ic
	0	1	1
supernova:SN2002cj Ic
	0	1	1
supernova:SN2007qx Ic Ib
	0	2	2
supernova:SN2016eld Ic Ia
	1	1	2
supernova:SN2001dq Ic Ic? Ia
	1	1	3
supernova:SN2001eq Ic
	0	1	1
supernova:SN2002ho Ic
	0	1	1
supernova:SN2005ks Ic Ic BL
	0	2	2
supernova:SN2005lr Ic IIb
	0	2	2
supernova:SN2009mi Ic
	0	1	1
supernova:SN2001ef Ic
	0	1	1
supernova:SN2001M Ic
	0	1	1
supernova:SN2002ex Ic
	0	1	1
supernova:SN2002hf Ic
	0	1	1
supernova:SN2004bm Ic IIb
	0	2	2
supernova:SN2016dyn Ic
	0	1	1
supernova:SN2017dch Ic
	0	1	1
supernova:SN2018eaw Ic
	0	1	1
supernova:SN2018ffz Ic
	0	1	1
supernova:SN2002hn Ic
	0	1	1
supernova:SN2003bm Ic
	0	1	1
supernova:SN2009em Ic
	0	1	1
supernova:SN2013ff Ic
	0	1	1
supernova:PS15axw Ic
	0	1	1
supernova:PS18kz Ic
	0	1	1
supernova:SN2017ful Ic
	0	1	1
supernova:SN2017giq Ic
	0	1	1
supernova:SN2017hia Ic
	0	1	1
supernova:SN2018cve Ic
	0	1	1
supernova:SN2018ddu Ic
	0	1	1
supernova:SN2018dgx Ic
	0	1	1
supernova:SN2018dxt Ic
	0	1	1
supernova:SN2018fob Ic
	0	1	1
supernova:SN2018yn Ic
	0	1	1
supernova:SN1999bz Ic
	0	1	1
supernova:SN2001ii Ic
	0	1	1
supernova:SN2002cg Ic I
	0	1	2
supernova:SN2002dn Ic
	0	1	1
supernova:SN2002gz Ic IIc II II Pec
	0	1	4
supernova:SN2003bu Ic
	0	1	1
supernova:SN2003cr Ic Ic?
	0	1	2
supernova:SN2011it Ic Ic Pec
	0	1	2
supernova:SN2012cw Ic
	0	1	1
supernova:SN2016flq Ic
	0	1	1
supernova:SN2017cjd Ic
	0	1	1
supernova:SN2017dgk Ic
	0	1	1
supernova:SN2017hje Ic
	0	1	1
supernova:SN2017hnv Ic
	0	1	1
supernova:SN2017rt Ic
	0	1	1
supernova:SN2018aii Ic I
	0	1	2
supernova:SN2018ajg Ic
	0	1	1
supernova:SN2018bfu Ic
	0	1	1
supernova:SN2018cwx Ic
	0	1	1
supernova:SN2018dys Ic
	0	1	1
supernova:SN2018erw Ic
	0	1	1
supernova:SN1990aa Ic Ib/c
	0	1	2
supernova:SN1991A Ic Ic Pec
	0	1	2
supernova:SN1993P Ic
	0	1	1
supernova:SN1994ai Ic
	0	1	1
supernova:SN1996aq Ic Ib
	0	2	2
supernova:SN1996at Ic
	0	1	1
supernova:SN1996D Ic
	0	1	1
supernova:SN1997B Ic Ib/c
	0	1	2
supernova:SN1997dh Ic
	0	1	1
supernova:SN1997dq Ic Ib Ib/c
	0	2	3
supernova:SN1998bo Ic
	0	1	1
supernova:SN1998cv Ic
	0	1	1
supernova:SN1998ey Ic Ic Pec
	0	1	2
supernova:SN1999ah Ic
	0	1	1
supernova:SN1999al Ic
	0	1	1
supernova:SN1999as Ic Ic Pec Ia
	1	1	3
supernova:SN1999bc Ic
	0	1	1
supernova:SN1999bu Ic
	0	1	1
supernova:SN1999cn Ic
	0	1	1
supernova:SN1999cz Ic
	0	1	1
supernova:SN2000C Ic
	0	1	1
supernova:SN2000cr Ic
	0	1	1
supernova:SN2000S Ic
	0	1	1
supernova:SN2001bb Ic
	0	1	1
supernova:SN2002ao Ic Ibn Ib/c Pec Ic? IIb
	0	2	5
supernova:SN2002bm Ic
	0	1	1
supernova:SN2002cl Ic
	0	1	1
supernova:SN2002fh Ic Ic?
	0	1	2
supernova:SN2002if Ic
	0	1	1
supernova:SN2002J Ic
	0	1	1
supernova:SN2002jp Ic
	0	1	1
supernova:SN2002lt Ic
	0	1	1
supernova:SN2003aa Ic Ia
	1	1	2
supernova:SN2003ds Ic Ia
	1	1	2
supernova:SN2003el Ic
	0	1	1
supernova:SN2003ev Ic
	0	1	1
supernova:SN2003fc Ic
	0	1	1
supernova:SN2003gf Ic
	0	1	1
supernova:SN2003hp Ic
	0	1	1
supernova:SN2003ig Ic
	0	1	1
supernova:SN2003is Ic
	0	1	1
supernova:SN2003jp Ic Ib/c
	0	1	2
supernova:SN2003kb Ic
	0	1	1
supernova:SN2004af Ic Ib/c
	0	1	2
supernova:SN2004ai Ic
	0	1	1
supernova:SN2004bf Ic
	0	1	1
supernova:SN2004bu Ic Ic Pec
	0	1	2
supernova:SN2004dc Ic
	0	1	1
supernova:SN2004dx Ic
	0	1	1
supernova:SN2004eu Ic
	0	1	1
supernova:SN2004fq Ic Ia
	1	1	2
supernova:SN2004gn Ic
	0	1	1
supernova:SN2004ib Ic
	0	1	1
supernova:SN2005aj Ic
	0	1	1
supernova:SN2005bh Ic
	0	1	1
supernova:SN2005bk Ic
	0	1	1
supernova:SN2005bq Ic
	0	1	1
supernova:SN2005cb Ic Ib/c
	0	1	2
supernova:SN2005ct Ic
	0	1	1
supernova:SN2005dg Ic
	0	1	1
supernova:SN2005nc Ic LGRB
	0	1	2
supernova:SN2006dg Ic
	0	1	1
supernova:SN2006ei Ic
	0	1	1
supernova:SN2007db Ic
	0	1	1
supernova:SN2007ea Ic
	0	1	1
supernova:SN2007gx Ic
	0	1	1
supernova:SN2007nm Ic Ia
	1	1	2
supernova:SN2007tx Ic Ia
	1	1	2
supernova:SN2008ao Ic
	0	1	1
supernova:SN2008dq Ic
	0	1	1
supernova:SN2008du Ic
	0	1	1
supernova:SN2008dv Ic
	0	1	1
supernova:SN2008eb Ic
	0	1	1
supernova:SN2008em Ic
	0	1	1
supernova:SN2008ew Ic
	0	1	1
supernova:SN2008fo Ic
	0	1	1
supernova:SN2008gj Ic
	0	1	1
supernova:SN2008hn Ic
	0	1	1
supernova:SN2008hw Ic
	0	1	1
supernova:SN2008ik Ic
	0	1	1
supernova:SN2008iu Ic
	0	1	1
supernova:SN2009ap Ic
	0	1	1
supernova:SN2009bh Ic
	0	1	1
supernova:SN2009de Ic
	0	1	1
supernova:SN2009di Ic
	0	1	1
supernova:SN2009gd Ic
	0	1	1
supernova:SN2009hh Ic
	0	1	1
supernova:SN2009hy Ic
	0	1	1
supernova:SN2009je Ic
	0	1	1
supernova:SN2009jy Ic
	0	1	1
supernova:SN2009ki Ic
	0	1	1
supernova:SN2009lj Ic
	0	1	1
supernova:SN2009nh Ic
	0	1	1
supernova:SN2009nl Ic
	0	1	1
supernova:SN2009np Ic
	0	1	1
supernova:SNF20080324-001 Ic
	0	1	1
supernova:SNF20080512-003 Ic
	0	1	1
supernova:ASASSN-14de Ic
	0	1	1
supernova:CSS120914:215710+055647 Ic
	0	1	1
supernova:CSS121210:112615+144039 Ic
	0	1	1
supernova:CSS141005:022316-070520 Ic IIb
	0	2	2
supernova:DES13C1feu Ic
	0	1	1
supernova:DES13C2bxd Ic
	0	1	1
supernova:DES14E2ag Ic
	0	1	1
supernova:LSQ11jw Ic
	0	1	1
supernova:LSQ12bph Ic
	0	1	1
supernova:LSQ12emi Ic
	0	1	1
supernova:LSQ12fnt Ic
	0	1	1
supernova:LSQ12gbz Ic
	0	1	1
supernova:LSQ12gkk Ic
	0	1	1
supernova:LSQ13abf Ic
	0	1	1
supernova:LSQ13der Ic
	0	1	1
supernova:LSQ14ayl Ic
	0	1	1
supernova:LSQ14ds Ic
	0	1	1
supernova:LSQ14fig Ic
	0	1	1
supernova:LSQ14ftp Ic
	0	1	1
supernova:LSQ14gs Ic
	0	1	1
supernova:LSQ15cj Ic
	0	1	1
supernova:MLS101113:033911+225352 Ic
	0	1	1
supernova:PS1-13abw Ic
	0	1	1
supernova:PS1-13djz Ic
	0	1	1
supernova:PSN J06120295-2149353 Ic
	0	1	1
supernova:PSN J11534177-5406168 Ic
	0	1	1
supernova:PSN J12393328+1525520 Ic
	0	1	1
supernova:PSN J22081243+4110503 Ic
	0	1	1
supernova:PTF10acbu Ic
	0	1	1
supernova:PTF10svt Ic
	0	1	1
supernova:PTF11ixk Ic
	0	1	1
supernova:PTF11klg Ic
	0	1	1
supernova:PTF13cbf Ic
	0	1	1
supernova:SN2010ac Ic
	0	1	1
supernova:SN2010ak Ic
	0	1	1
supernova:SN2010do Ic
	0	1	1
supernova:SN2010eh Ic Ib
	0	2	2
supernova:SN2010gd Ic
	0	1	1
supernova:SN2010gk Ic
	0	1	1
supernova:SN2010io Ic
	0	1	1
supernova:SN2010iq Ic
	0	1	1
supernova:SN2010jw Ic
	0	1	1
supernova:SN2010lz Ic
	0	1	1
supernova:SN2010Q Ic
	0	1	1
supernova:SN2011bh Ic
	0	1	1
supernova:SN2011bo Ic
	0	1	1
supernova:SN2011ca Ic
	0	1	1
supernova:SN2011cs Ic
	0	1	1
supernova:SN2011ee Ic
	0	1	1
supernova:SN2011ep Ic
	0	1	1
supernova:SN2011hp Ic
	0	1	1
supernova:SN2011ip Ic
	0	1	1
supernova:SN2011jl Ic
	0	1	1
supernova:SN2011jm Ic
	0	1	1
supernova:SN2011N Ic
	0	1	1
supernova:SN2012aa Ic
	0	1	1
supernova:SN2012at Ic
	0	1	1
supernova:SN2012ba Ic
	0	1	1
supernova:SN2012bt Ic
	0	1	1
supernova:SN2012bw Ic
	0	1	1
supernova:SN2012C Ic
	0	1	1
supernova:SN2012ej Ic
	0	1	1
supernova:SN2012fn Ic
	0	1	1
supernova:SN2012gh Ic
	0	1	1
supernova:SN2012gi Ic
	0	1	1
supernova:SN2012gu Ic
	0	1	1
supernova:SN2012hf Ic
	0	1	1
supernova:SN2012im Ic
	0	1	1
supernova:SN2012Q Ic
	0	1	1
supernova:SN2013bn Ic Ic-hyp
	0	1	2
supernova:SN2013bv Ic Ib/c
	0	1	2
supernova:SN2013co Ic
	0	1	1
supernova:SN2013hv Ic
	0	1	1
supernova:SN2013J Ic
	0	1	1
supernova:SN2014ar Ic
	0	1	1
supernova:SN2014as Ic
	0	1	1
supernova:SN2014bl Ic Ic Pec
	0	1	2
supernova:SN2014dj Ic
	0	1	1
supernova:SN2014eh Ic
	0	1	1
supernova:ASASSN-15kj Ic
	0	1	1
supernova:ASASSN-15um Ic
	0	1	1
supernova:AT2018ecg Ic
	0	1	1
supernova:CSS150325:140426+514417 Ic
	0	1	1
supernova:OGLE16eun Ic Ib/c
	0	1	2
supernova:PS15bap Ic
	0	1	1
supernova:SMT16aec Ic
	0	1	1
supernova:SN2015ag Ic
	0	1	1
supernova:SN2015av Ic
	0	1	1
supernova:SN2016fhn Ic
	0	1	1
supernova:SN2016fxu Ic
	0	1	1
supernova:SN2016gsk Ic
	0	1	1
supernova:SN2016P Ic Ic BL
	0	2	2
supernova:SN2017ddc Ic
	0	1	1
supernova:SN2017gat Ic
	0	1	1
supernova:SN2017gbv Ic
	0	1	1
supernova:SN2017hrg Ic
	0	1	1
supernova:SN2017igt Ic
	0	1	1
supernova:SN2018abo Ic
	0	1	1
supernova:SN2018bf Ic
	0	1	1
supernova:SN2018bjp Ic
	0	1	1
supernova:SN2018ebq Ic
	0	1	1
supernova:SN2018ec Ic
	0	1	1
supernova:SN2018fav Ic
	0	1	1
supernova:SN2018gwo Ic I
	0	1	2
supernova:SN2006fe Ic Ia
	1	1	2
supernova:MLS121104:021643+204009 Ic Ic Pec
	0	1	2
supernova:PS15cvn Ic
	0	1	1
supernova:ESSENCEg004 Ic
	0	1	1
supernova:GRB 080319B Ic LGRB
	0	1	2
supernova:PTF09dzt Ic
	0	1	1
supernova:PTF09iqd Ic
	0	1	1
supernova:LSQ14fyb Ic
	0	1	1
supernova:PS1-10ahq Ic Ic
	0	1	2
supernova:PS1-10biv Ic
	0	1	1
supernova:PS1-10ih Ic
	0	1	1
supernova:PS1-10kn Ic
	0	1	1
supernova:PS1-11aoa Ic
	0	1	1
supernova:PS1-11app Ic
	0	1	1
supernova:PS1-11ava Ic
	0	1	1
supernova:PS1-11azj Ic
	0	1	1
supernova:PS1-11azy Ic
	0	1	1
supernova:PS1-11bdy Ic
	0	1	1
supernova:PS1-11jk Ic
	0	1	1
supernova:PSN J2025 Ic
	0	1	1
supernova:PSN J223202 Ic
	0	1	1
supernova:PTF10bhu Ic
	0	1	1
supernova:PTF10bip Ic
	0	1	1
supernova:PTF10gvb Ic Ic BL
	0	2	2
supernova:PTF10osn Ic
	0	1	1
supernova:PTF11mnb Ic
	0	1	1
supernova:PTF14dby Ic
	0	1	1
supernova:SN2014ft Ic
	0	1	1
supernova:PS15ckn Ic
	0	1	1
supernova:SMT J13254308-2932269 Ic
	0	1	1
supernova:SN2003dh Ic BL Ic Pec Ic
	0	2	3
supernova:SN2002ap Ic BL Ic Ib/c Pec Ic Pec
	0	2	4
supernova:SN2016coi Ic BL Ib c-BL
	0	2	3
supernova:SN1998bw Ic BL Ic LGRB Ib
	0	3	4
supernova:SN2006aj Ic BL Ib/c Ic LGRB
	0	2	4
supernova:SN2009bb Ic BL Ic
	0	2	2
supernova:SN2007I Ic BL Ic
	0	2	2
supernova:SN2012bz Ic BL Ic Ib/c LGRB
	0	2	4
supernova:SN2007ru Ic BL Ic Ic Pec
	0	2	3
supernova:SN2005nb Ic BL Ic
	0	2	2
supernova:SN2012ap Ic BL Ib/c Ic
	0	2	3
supernova:SN2007D Ic BL Ic Ic Pec
	0	2	3
supernova:SN2007ce Ic BL Ic Ic Pec
	0	2	3
supernova:SN2016G Ic BL
	0	1	1
supernova:SN1997ef Ic BL Ic Pec Ib Ib/c Pec Ic
	0	3	5
supernova:SN2010bh Ic BL Ic
	0	2	2
supernova:SN2007bg Ic BL Ic Ic Pec
	0	2	3
supernova:SN2003jd Ic BL Ic Ic Pec
	0	2	3
supernova:SDSS-II SN 14475 Ic BL Ic
	0	2	2
supernova:SN2005da Ic BL Ic Ic Pec
	0	2	3
supernova:SN2013cq Ic BL Ic LGRB
	0	2	3
supernova:SN2018cow Ic BL
	0	1	1
supernova:SN2017dcc Ic BL Ic
	0	2	2
supernova:SN2017iuk Ic BL Star Ic
	0	2	3
supernova:SN2010ay Ic BL Ic
	0	2	2
supernova:SN2016ino Ic BL
	0	1	1
supernova:SN2016dst Ic BL
	0	1	1
supernova:SN2018yg Ic BL
	0	1	1
supernova:SN2017ens Ic BL
	0	1	1
supernova:SN2017ifh Ic BL
	0	1	1
supernova:SN2018ie Ic BL Ic
	0	2	2
supernova:SN2018if Ic BL
	0	1	1
supernova:SN2018kq Ic BL
	0	1	1
supernova:SN2003lw Ic BL Ic
	0	2	2
supernova:SN2009nz Ic BL Ic LGRB
	0	2	3
supernova:LSQ14bef Ic BL
	0	1	1
supernova:PSN J11484578-2817312 Ic BL Ic
	0	2	2
supernova:PTF10aavz Ic BL
	0	1	1
supernova:PTF10qts Ic BL Ic
	0	2	2
supernova:PTF10vgv Ic BL Ic
	0	2	2
supernova:SN2010ah Ic BL Ic
	0	2	2
supernova:SN2014cp Ic BL Ic
	0	2	2
supernova:ASASSN-18dj Ic BL
	0	1	1
supernova:SN2016jca Ic BL LGRB
	0	1	2
supernova:SN2017fgk Ic BL
	0	1	1
supernova:SN2017htp Ic BL
	0	1	1
supernova:SN2017ixv Ic BL Ic
	0	2	2
supernova:SN2018gep Ic BL
	0	1	1
supernova:SN2018giu Ic BL
	0	1	1
supernova:SN2018gju Ic BL
	0	1	1
supernova:PTF09sk Ic BL
	0	1	1
supernova:PSN J1148 Ic BL
	0	1	1
supernova:SN2010ma Ic BL Ic LGRB
	0	2	3
supernova:SN2013dx Ic BL Ic Ib/c
	0	2	3
supernova:SN2013ez Ic BL Ic LGRB
	0	2	3
supernova:SN2018fip Ic BL
	0	1	1
supernova:SN2012hn Ic Pec I-faint I
	0	0	3
REMOVED!
supernova:SN2003id Ic Pec Ic
	0	1	2
supernova:OGLE15xx Ic Pec Ib/c
	0	0	2
REMOVED!
supernova:SN2016gqv Ic Pec
	0	0	1
REMOVED!
supernova:LSQ12dyw Ic Pec Ic Pec?
	0	0	2
REMOVED!
supernova:ASASSN-15re Ic Pec Ia
	1	0	2
REMOVED!
supernova:CSS140505:143511+134946 Ic-lum? Ic
	0	1	2
supernova:SN2007iq Ic/Ic-bl Ic Ic Pec
	0	1	3
supernova:SN2002jj Ic/Ic-BL Ic
	0	1	2
supernova:SN2016gcm Ic? Ic
	0	1	2
supernova:LSQ12bqn Ic? Ic
	0	1	2
supernova:LSQ12elq Ic?
	0	0	1
REMOVED!
supernova:LSQ12ffm Ic?
	0	0	1
REMOVED!
supernova:PSN J05521661+4650211 Ic? Ic
	0	1	2
supernova:ESSENCEy173 Ic? Ic
	0	1	2
supernova:ASASSN-14dq II IIb
	0	1	2
supernova:SN2004ex II IIb
	0	1	2
supernova:SN2009K II IIb
	0	1	2
supernova:SN2010jr II IIb
	0	1	2
supernova:SN2009Z II II Pec? IIb
	0	1	3
supernova:SN2006ba II IIb
	0	1	2
supernova:SN2005by II IIb
	0	1	2
supernova:SN2013cu II IIb
	0	1	2
supernova:SN2007md II II P Ic
	0	1	3
supernova:SN2018coq II Ibn
	0	0	2
REMOVED!
supernova:SN2007ay II IIb
	0	1	2
supernova:SN2002eg II IIb
	0	1	2
supernova:SN2012dy II IIb
	0	1	2
supernova:SN2018fcx II IIb
	0	1	2
supernova:SN2018fpb II IIb
	0	1	2
supernova:SN2001cf II IIb
	0	1	2
supernova:SN2001ih II IIb
	0	1	2
supernova:SN2017gip II Ic
	0	1	2
supernova:SN2018dfg II IIb
	0	1	2
supernova:SN1999ay II IIb
	0	1	2
supernova:SN2001ad II IIb IIn
	0	1	3
supernova:SN2001im II IIb
	0	1	2
supernova:SN2003ac II IIb
	0	1	2
supernova:SN2003gu II IIb
	0	1	2
supernova:SN2003ki II IIb
	0	1	2
supernova:SN2004bi II IIb
	0	1	2
supernova:SN2004gj II IIb
	0	1	2
supernova:SN2005ae II IIb Ib
	0	2	3
supernova:SN2005bb II Ic
	0	1	2
supernova:SN2005D II IIb
	0	1	2
supernova:SN2006dk II Ib
	0	1	2
supernova:SN2006dl II IIb IIb/Ib
	0	1	3
supernova:SN2006iv II IIb
	0	1	2
supernova:SN2006qp II IIb
	0	1	2
supernova:SN2006ss II IIb
	0	1	2
supernova:SN2007rw II IIb
	0	1	2
supernova:SN2008cx II IIb
	0	1	2
supernova:SN2008fi II IIb
	0	1	2
supernova:SN2008gx II IIb
	0	1	2
supernova:SN2008ie II IIb
	0	1	2
supernova:SN2008V II IIb
	0	1	2
supernova:SN2009ah II IIb
	0	1	2
supernova:SN2009ar II IIb
	0	1	2
supernova:SN2009C II IIb
	0	1	2
supernova:SN2009dq II IIb
	0	1	2
supernova:SN2009fi II Ia IIb
	1	1	3
supernova:SN2009fz II IIb
	0	1	2
supernova:SN2009gi II IIb Ia
	1	1	3
supernova:SN2009gk II IIb
	0	1	2
supernova:SN2009gl II IIb
	0	1	2
supernova:SN2009jv II IIb
	0	1	2
supernova:SN2009jx II IIb
	0	1	2
supernova:SN2009ka II IIb
	0	1	2
supernova:SN2009mu II IIb
	0	1	2
supernova:SN2009nf II IIb
	0	1	2
supernova:LSQ13bca II IIb
	0	1	2
supernova:PSN J11430127+2357016 II IIb
	0	1	2
supernova:SN2010ad II IIb
	0	1	2
supernova:SN2010am II IIb
	0	1	2
supernova:SN2010ei II IIb
	0	1	2
supernova:SN2010ej II IIb
	0	1	2
supernova:SN2010ek II IIb
	0	1	2
supernova:SN2010fk II IIb
	0	1	2
supernova:SN2010gi II IIb
	0	1	2
supernova:SN2010hf II IIb
	0	1	2
supernova:SN2010ik II Ib/c Pec IIb Pec
	0	0	3
REMOVED!
supernova:SN2010ir II IIb
	0	1	2
supernova:SN2010kh II IIb
	0	1	2
supernova:SN2010lg II IIb
	0	1	2
supernova:SN2010ls II IIb
	0	1	2
supernova:SN2012hs II IIb
	0	1	2
supernova:SNhunt268 II IIb II/IIb
	0	1	3
supernova:LSQ15hj II Ic
	0	1	2
supernova:SN2016hkn II IIb
	0	1	2
supernova:PS1-10bkc II L? Ib/c?
	0	0	2
REMOVED!
supernova:SN2012dh II P IIb
	0	1	2
supernova:PTF10wg II/Ib/c
	0	0	1
REMOVED!
supernova:SN1997ew II/Ic II II?
	0	0	3
REMOVED!
supernova:SN2006G II/IIb II IIb
	0	1	3
supernova:SN2018fer Ia IIb
	1	1	2
supernova:SN2009fl Ia IIb Ia Pec
	1	1	3
supernova:PTF10htz Ia II IIb
	1	1	3
supernova:SN2013P Ia IIb
	1	1	2
supernova:SN1993J IIb II
	0	1	2
supernova:SN2011dh IIb II P
	0	1	2
supernova:SN2008ax IIb II Ib II P
	0	2	4
supernova:SN2016gkg IIb II
	0	1	2
supernova:SN2013df IIb II
	0	1	2
supernova:SN2006T IIb II
	0	1	2
supernova:SN2011fu IIb II
	0	1	2
supernova:SN2011hs IIb
	0	1	1
supernova:SN2008aq IIb II
	0	1	2
supernova:SN2008bo IIb Ib Ib/c
	0	2	3
supernova:SN2005em IIb Ic II
	0	2	3
supernova:SN2006el IIb II
	0	1	2
supernova:SN2004ff IIb Ic
	0	2	2
supernova:SN1996cb IIb II
	0	1	2
supernova:SN2006bf IIb Ib
	0	2	2
supernova:SN2009mg IIb II
	0	1	2
supernova:SN2013ak IIb II
	0	1	2
supernova:SN2003bg IIb Ic IIb Pec Ic Pec
	0	2	4
supernova:SN2011ei IIb II
	0	1	2
supernova:SN2012cd IIb
	0	1	1
supernova:SN2001ig IIb II Ib/c
	0	1	3
supernova:SN2009mk IIb II
	0	1	2
supernova:SN2011ef IIb II
	0	1	2
supernova:SN2008cw IIb II
	0	1	2
supernova:ASASSN-14az IIb
	0	1	1
supernova:SN2003cv IIb II II Pec II P
	0	1	4
supernova:SN2017ati IIb
	0	1	1
supernova:SN2001gd IIb II
	0	1	2
supernova:SN2011hg IIb II
	0	1	2
supernova:SN2017iyd IIb
	0	1	1
supernova:SN2017jdn IIb
	0	1	1
supernova:SN2009gj IIb II
	0	1	2
supernova:SN2016dsb IIb
	0	1	1
supernova:SN2016adj IIb Ib
	0	2	2
supernova:SN2016exv IIb
	0	1	1
supernova:SN2017hyh IIb
	0	1	1
supernova:SN2017gkk IIb
	0	1	1
supernova:SN2018arx IIb
	0	1	1
supernova:SN2017mw IIb II
	0	1	2
supernova:SN2018gj IIb II
	0	1	2
supernova:SN2017cao IIb
	0	1	1
supernova:SN2004C IIb Ic
	0	2	2
supernova:SN2017jo IIb
	0	1	1
supernova:SN2018ddr IIb
	0	1	1
supernova:SN2002au IIb
	0	1	1
supernova:SN2011cb IIb
	0	1	1
supernova:SN2017eiy IIb
	0	1	1
supernova:SN2018fex IIb
	0	1	1
supernova:SN2015bi IIb
	0	1	1
supernova:SN2016iyc IIb
	0	1	1
supernova:SN2016iye IIb
	0	1	1
supernova:SN2018bsg IIb
	0	1	1
supernova:SN2011bv IIb
	0	1	1
supernova:PS15bqc IIb
	0	1	1
supernova:SN2018bho IIb
	0	1	1
supernova:SN2018dzw IIb
	0	1	1
supernova:SN2018efd IIb
	0	1	1
supernova:PS15apj IIb
	0	1	1
supernova:SN2016avh IIb
	0	1	1
supernova:SN2016bmd IIb
	0	1	1
supernova:SN2016M IIb
	0	1	1
supernova:SN2017dgd IIb
	0	1	1
supernova:SN2017gfh IIb
	0	1	1
supernova:SN2017ixz IIb
	0	1	1
supernova:SN2017jbl IIb II
	0	1	2
supernova:SN2018fzn IIb
	0	1	1
supernova:SN2018mc IIb
	0	1	1
supernova:SN1997dd IIb II Ib/c
	0	1	3
supernova:SN1998fa IIb II IIb Pec
	0	1	3
supernova:SN2000H IIb Ib
	0	2	2
supernova:SN2003ed IIb II
	0	1	2
supernova:SN2005U IIb II
	0	1	2
supernova:SN2008ay IIb Ib
	0	2	2
supernova:LSQ12fwb IIb
	0	1	1
supernova:LSQ12hbo IIb
	0	1	1
supernova:LSQ13xf IIb
	0	1	1
supernova:LSQ14akx IIb
	0	1	1
supernova:LSQ14hj IIb
	0	1	1
supernova:PS1-14od IIb
	0	1	1
supernova:PSN J00564446-0954595 IIb
	0	1	1
supernova:PSN J09430082+3146486 IIb
	0	1	1
supernova:PSN J11220840-3804001 IIb
	0	1	1
supernova:PTF11dlg IIb
	0	1	1
supernova:PTF12gpn IIb
	0	1	1
supernova:PTF13v IIb
	0	1	1
supernova:SN2010hc IIb II Ic
	0	2	3
supernova:SN2011D IIb
	0	1	1
supernova:SN2011dw IIb II/IIb II
	0	1	3
supernova:SN2011jg IIb
	0	1	1
supernova:SN2011V IIb
	0	1	1
supernova:SN2012an IIb
	0	1	1
supernova:SN2012cs IIb
	0	1	1
supernova:SN2012es IIb
	0	1	1
supernova:SN2012ey IIb II II/IIb
	0	1	3
supernova:SN2012fg IIb II P
	0	1	2
supernova:SN2013bb IIb
	0	1	1
supernova:SN2013bd IIb
	0	1	1
supernova:SN2013bl IIb Ib/c
	0	1	2
supernova:SN2013ch IIb
	0	1	1
supernova:SN2013ep IIb
	0	1	1
supernova:SN2013fq IIb
	0	1	1
supernova:SN2013gg IIb II P
	0	1	2
supernova:SN2013gk IIb
	0	1	1
supernova:SN2014cl IIb
	0	1	1
supernova:SN2014cq IIb
	0	1	1
supernova:SN2014ds IIb
	0	1	1
supernova:SNhunt242 IIb
	0	1	1
supernova:ASASSN-15bd IIb
	0	1	1
supernova:ASASSN-15qz IIb
	0	1	1
supernova:ASASSN-15tu IIb
	0	1	1
supernova:CSS150120:095828+411135 IIb
	0	1	1
supernova:DES16C1zb IIb
	0	1	1
supernova:DES16S1kt IIb
	0	1	1
supernova:DES17C1bzd IIb
	0	1	1
supernova:iPTF15eqv IIb
	0	1	1
supernova:LSQ15rw IIb Ib
	0	2	2
supernova:OGLE16ekf IIb
	0	1	1
supernova:PS15cjr IIb
	0	1	1
supernova:PS15zq IIb
	0	1	1
supernova:PS17fkd IIb
	0	1	1
supernova:PSN J01101191+3313536 IIb
	0	1	1
supernova:PSN J17162885+0625585 IIb
	0	1	1
supernova:SN2015au IIb
	0	1	1
supernova:SN2016bas IIb
	0	1	1
supernova:SN2016bhr IIb
	0	1	1
supernova:SN2016blq IIb II
	0	1	2
supernova:SN2016blt IIb
	0	1	1
supernova:SN2016cgq IIb
	0	1	1
supernova:SN2016U IIb
	0	1	1
supernova:SN2017fek IIb
	0	1	1
supernova:SN2017gfz IIb
	0	1	1
supernova:SN2017gpn IIb
	0	1	1
supernova:SN2017gth IIb
	0	1	1
supernova:SN2018ow IIb
	0	1	1
supernova:SN1667A IIb
	0	1	1
supernova:SN1987K IIb II
	0	1	2
supernova:SNLS-03D1fp IIb
	0	1	1
supernova:PTF09dah IIb
	0	1	1
supernova:PTF09dxv IIb
	0	1	1
supernova:PTF09fae IIb
	0	1	1
supernova:iPTF13v IIb
	0	1	1
supernova:PTF10in IIb
	0	1	1
supernova:PTF12fhz IIb
	0	1	1
supernova:PSN J0902 IIb
	0	1	1
supernova:iPTF13edf IIb/Ib IIb Ib
	0	2	3
supernova:SN2003dr IIb/Ib/Ic (Ca rich) Ib/c Ib-Ca Ib/c Pec
	0	0	4
REMOVED!
supernova:PS15bgt IIb? IIb Ib
	0	2	3
supernova:LSQ12htu IIb? IIb II
	0	1	3
supernova:CSS151130:014258+273410 IIb? IIb
	0	1	2
supernova:PSN J10234760+3348477 IIb? IIb
	0	1	2
supernova:PTF11iqb IIn IIb
	0	1	2
supernova:SN2008gm IIn Ib/c
	0	0	2
REMOVED!
supernova:SN2017civ IIn Ib/c II
	0	0	3
REMOVED!
supernova:SN2016cyj IIn Ib
	0	1	2
supernova:SN2008fz IIn Ic SLSN-II II
	0	1	4
supernova:CSS101008:001049+141039 IIn IIn/Ic
	0	0	2
REMOVED!
supernova:SN2011hw IIn/Ibn Ibn IIn
	0	0	3
REMOVED!
supernova:SN1999bw IIn? Ib IIn/LBV IIn
	0	1	4
supernova:SN2006oz SLSN SLSN-I Ib
	1	1	3
supernova:SN2010gx SLSN-I Ic
	0	1	2
supernova:SN2011kg SLSN-I I Pec Ic
	0	1	3
supernova:SN2011ke SLSN-I Ic
	0	1	2
supernova:SN2010md SLSN-I Ic
	0	1	2
supernova:SN2007bi SLSN-I SLSN-R Ic Pec
	0	0	3
REMOVED!
supernova:PTF09atu SLSN-I Ic?
	0	0	2
REMOVED!
supernova:SN2013dg SLSN-I Ic Ic Pec
	0	1	3
supernova:LSQ14an SLSN-I Ic Ic BL
	0	2	3
supernova:PTF10bfz SLSN-I Ic BL
	0	1	2
supernova:SN2012il SLSN-I Ic
	0	1	2
supernova:PTF10vqv SLSN-I Ic? Ia
	1	0	3
REMOVED!
supernova:CSS140925:005854+181322 SLSN-I I Ic
	0	1	3
supernova:LSQ14fxj SLSN-I Ic
	0	1	2
supernova:SN2010hy SLSN-I-R Ic SLSN-I
	0	1	3
supernova:CSS121015:004244+132827 SLSN-II II/IIB Ic I
	0	1	4
supernova:SN2007rc Variable Ia
	1	0	2
REMOVED!
